<?xml version="1.0" encoding="UTF-8"?>
<!-- Generated by org.testng.reporters.JUnitXMLReporter -->
<testsuite hostname="ucreate8-All-Series" ignored="0" name="testWithValidDetails" tests="16" failures="1" timestamp="16 May 2019 05:35:53 GMT" time="40.59" errors="0">
  <testcase name="testCreateAccountWithoutDetails" time="18.08" classname="autobrainTests.testCreateAccount"/>
  <testcase name="testWithFirstNameOnly" time="0.251" classname="autobrainTests.testCreateAccount"/>
  <testcase name="testwithLastNameOnly" time="0.286" classname="autobrainTests.testCreateAccount"/>
  <testcase name="testWithEmailOnly" time="1.256" classname="autobrainTests.testCreateAccount"/>
  <testcase name="testWithPasswordOnly" time="0.299" classname="autobrainTests.testCreateAccount"/>
  <testcase name="testWithconfirmPasswordOnly" time="0.243" classname="autobrainTests.testCreateAccount"/>
  <testcase name="testWithInvalidEmail" time="0.409" classname="autobrainTests.testCreateAccount"/>
  <testcase name="testWithInvalidPhone" time="2.714" classname="autobrainTests.testCreateAccount"/>
  <testcase name="testWithDifPassAResetPass" time="0.66" classname="autobrainTests.testCreateAccount"/>
  <testcase name="testWithoutFname" time="2.435" classname="autobrainTests.testCreateAccount"/>
  <testcase name="testWithoutLname" time="2.707" classname="autobrainTests.testCreateAccount"/>
  <testcase name="testWithoutEmail" time="1.703" classname="autobrainTests.testCreateAccount"/>
  <testcase name="testWithoutPhone" time="0.676" classname="autobrainTests.testCreateAccount"/>
  <testcase name="testWithoutPassword" time="3.46" classname="autobrainTests.testCreateAccount"/>
  <testcase name="testWithoutConfirmPassword" time="2.722" classname="autobrainTests.testCreateAccount"/>
  <testcase name="testWithAlreadyExistEmail" time="2.491" classname="autobrainTests.testCreateAccount">
    <failure type="org.openqa.selenium.NoSuchElementException" message="no such element: Unable to locate element: {&amp;quot;method&amp;quot;:&amp;quot;xpath&amp;quot;,&amp;quot;selector&amp;quot;:&amp;quot;//*[@id=&amp;quot;new_user&amp;quot;]/div[3]/div/span&amp;quot;}
  (Session info: chrome=71.0.3578.98)
  (Driver info: chromedriver=73.0.3683.68 (47787ec04b6e38e22703e856e101e840b65afe72),platform=Linux 4.15.0-47-generic x86_64) (WARNING: The server did not provide any stacktrace information)
Command duration or timeout: 0 milliseconds
For documentation on this error, please visit: https://www.seleniumhq.org/exceptions/no_such_element.html
Build info: version: &amp;apos;3.141.59&amp;apos;, revision: &amp;apos;e82be7d358&amp;apos;, time: &amp;apos;2018-11-14T08:17:03&amp;apos;
System info: host: &amp;apos;ucreate8-All-Series&amp;apos;, ip: &amp;apos;127.0.1.1&amp;apos;, os.name: &amp;apos;Linux&amp;apos;, os.arch: &amp;apos;amd64&amp;apos;, os.version: &amp;apos;4.15.0-47-generic&amp;apos;, java.version: &amp;apos;1.8.0_191&amp;apos;
Driver info: org.openqa.selenium.chrome.ChromeDriver
Capabilities {acceptInsecureCerts: false, acceptSslCerts: false, applicationCacheEnabled: false, browserConnectionEnabled: false, browserName: chrome, chrome: {chromedriverVersion: 73.0.3683.68 (47787ec04b6e3..., userDataDir: /tmp/.com.google.Chrome.Hx2T2E}, cssSelectorsEnabled: true, databaseEnabled: false, goog:chromeOptions: {debuggerAddress: localhost:37963}, handlesAlerts: true, hasTouchScreen: false, javascriptEnabled: true, locationContextEnabled: true, mobileEmulationEnabled: false, nativeEvents: true, networkConnectionEnabled: false, pageLoadStrategy: normal, platform: LINUX, platformName: LINUX, proxy: Proxy(), rotatable: false, setWindowRect: true, strictFileInteractability: false, takesHeapSnapshot: true, takesScreenshot: true, timeouts: {implicit: 0, pageLoad: 300000, script: 30000}, unexpectedAlertBehaviour: ignore, unhandledPromptBehavior: ignore, version: 71.0.3578.98, webStorageEnabled: true}
Session ID: f8b532905e74c16d11984f6f7a65be77
*** Element info: {Using=xpath, value=//*[@id=&amp;quot;new_user&amp;quot;]/div[3]/div/span}">
      <![CDATA[org.openqa.selenium.NoSuchElementException: no such element: Unable to locate element: {"method":"xpath","selector":"//*[@id="new_user"]/div[3]/div/span"}
  (Session info: chrome=71.0.3578.98)
  (Driver info: chromedriver=73.0.3683.68 (47787ec04b6e38e22703e856e101e840b65afe72),platform=Linux 4.15.0-47-generic x86_64) (WARNING: The server did not provide any stacktrace information)
Command duration or timeout: 0 milliseconds
For documentation on this error, please visit: https://www.seleniumhq.org/exceptions/no_such_element.html
Build info: version: '3.141.59', revision: 'e82be7d358', time: '2018-11-14T08:17:03'
System info: host: 'ucreate8-All-Series', ip: '127.0.1.1', os.name: 'Linux', os.arch: 'amd64', os.version: '4.15.0-47-generic', java.version: '1.8.0_191'
Driver info: org.openqa.selenium.chrome.ChromeDriver
Capabilities {acceptInsecureCerts: false, acceptSslCerts: false, applicationCacheEnabled: false, browserConnectionEnabled: false, browserName: chrome, chrome: {chromedriverVersion: 73.0.3683.68 (47787ec04b6e3..., userDataDir: /tmp/.com.google.Chrome.Hx2T2E}, cssSelectorsEnabled: true, databaseEnabled: false, goog:chromeOptions: {debuggerAddress: localhost:37963}, handlesAlerts: true, hasTouchScreen: false, javascriptEnabled: true, locationContextEnabled: true, mobileEmulationEnabled: false, nativeEvents: true, networkConnectionEnabled: false, pageLoadStrategy: normal, platform: LINUX, platformName: LINUX, proxy: Proxy(), rotatable: false, setWindowRect: true, strictFileInteractability: false, takesHeapSnapshot: true, takesScreenshot: true, timeouts: {implicit: 0, pageLoad: 300000, script: 30000}, unexpectedAlertBehaviour: ignore, unhandledPromptBehavior: ignore, version: 71.0.3578.98, webStorageEnabled: true}
Session ID: f8b532905e74c16d11984f6f7a65be77
*** Element info: {Using=xpath, value=//*[@id="new_user"]/div[3]/div/span}
at org.openqa.selenium.remote.ErrorHandler.createThrowable(ErrorHandler.java:214)
at org.openqa.selenium.remote.ErrorHandler.throwIfResponseFailed(ErrorHandler.java:166)
at org.openqa.selenium.remote.http.JsonHttpResponseCodec.reconstructValue(JsonHttpResponseCodec.java:40)
at org.openqa.selenium.remote.http.AbstractHttpResponseCodec.decode(AbstractHttpResponseCodec.java:80)
at org.openqa.selenium.remote.http.AbstractHttpResponseCodec.decode(AbstractHttpResponseCodec.java:44)
at org.openqa.selenium.remote.HttpCommandExecutor.execute(HttpCommandExecutor.java:158)
at org.openqa.selenium.remote.service.DriverCommandExecutor.execute(DriverCommandExecutor.java:83)
at org.openqa.selenium.remote.RemoteWebDriver.execute(RemoteWebDriver.java:552)
at org.openqa.selenium.remote.RemoteWebDriver.findElement(RemoteWebDriver.java:323)
at org.openqa.selenium.remote.RemoteWebDriver.findElementByXPath(RemoteWebDriver.java:428)
at org.openqa.selenium.By$ByXPath.findElement(By.java:353)
at org.openqa.selenium.remote.RemoteWebDriver.findElement(RemoteWebDriver.java:315)
at autobrainTests.testCreateAccount.testWithAlreadyExistEmail(testCreateAccount.java:390)
... Removed 29 stack frames]]>
    </failure>
  </testcase> <!-- testWithAlreadyExistEmail -->
</testsuite> <!-- testWithValidDetails -->
