<?xml version="1.0" encoding="UTF-8"?>
<!-- Generated by org.testng.reporters.JUnitXMLReporter -->
<testsuite hostname="ucreate8-All-Series" ignored="0" name="Test" tests="2" failures="1" timestamp="10 May 2019 10:55:18 GMT" time="21.27" errors="0">
  <testcase name="testCreateAccountWithoutDetails" time="21.251" classname="autobrainTests.testCreateAccount"/>
  <testcase name="testWithValidDetails" time="0.0" classname="autobrainTests.testCreateAccount">
    <failure type="org.testng.TestNGException" message="
Parameter &amp;apos;lname&amp;apos; is required by @Test on method testWithValidDetails but has not been marked @Optional or defined
in /home/ucreate-8/Public/autobrain/testng.xml">
      <![CDATA[org.testng.TestNGException: 
Parameter 'lname' is required by @Test on method testWithValidDetails but has not been marked @Optional or defined
in /home/ucreate-8/Public/autobrain/testng.xml
... Removed 24 stack frames]]>
    </failure>
  </testcase> <!-- testWithValidDetails -->
</testsuite> <!-- Test -->
